2025-04-08 15:31:28 info: Team 1 HP: 100
2025-04-08 15:31:28 info: Team 2 HP: 100
2025-04-08 15:31:28 info: Bulbasaur attacks Charmander for 7.51 damage
2025-04-08 15:31:28 info: Charmander attacks Bulbasaur for 24.05 damage
2025-04-08 15:31:28 info: Bulbasaur attacks Charmander for 7.51 damage
2025-04-08 15:31:28 info: Charmander attacks Bulbasaur for 24.05 damage
2025-04-08 15:31:28 info: Bulbasaur attacks Charmander for 7.51 damage
2025-04-08 15:31:28 info: Charmander attacks Bulbasaur for 24.05 damage
2025-04-08 15:31:28 info: Bulbasaur attacks Charmander for 7.51 damage
2025-04-08 15:31:28 info: Charmander attacks Bulbasaur for 24.05 damage
2025-04-08 15:31:28 info: Bulbasaur attacks Charmander for 7.51 damage
2025-04-08 15:31:28 info: Charmander attacks Bulbasaur for 24.05 damage
2025-04-08 15:31:28 info: Winner: Charmander
2025-04-08 15:33:49 info: Team 1 HP: 300
2025-04-08 15:33:49 info: Team 2 HP: 300
2025-04-08 15:33:49 info: Bulbasaur attacks Charmander for 7.51 damage
2025-04-08 15:33:49 info: Ivysaur attacks Charmeleon for 10.49 damage
2025-04-08 15:34:49 info: Team 1 HP: 200
2025-04-08 15:34:49 info: Team 2 HP: 200
2025-04-08 15:34:49 info: Bulbasaur attacks Charmander for 7.51 damage
2025-04-08 15:34:49 info: Ivysaur attacks Charmeleon for 10.49 damage
2025-04-08 15:34:49 info: Charmander attacks Bulbasaur for 24.05 damage
2025-04-08 15:34:49 info: Charmeleon attacks Ivysaur for 57.54 damage
2025-04-08 15:34:49 info: Bulbasaur attacks Charmander for 7.51 damage
2025-04-08 15:34:49 info: Ivysaur attacks Charmeleon for 10.49 damage
2025-04-08 15:34:49 info: Charmander attacks Bulbasaur for 24.05 damage
2025-04-08 15:34:49 info: Charmeleon attacks Ivysaur for 57.54 damage
2025-04-08 15:34:49 info: Bulbasaur attacks Charmander for 7.51 damage
2025-04-08 15:34:49 info: Ivysaur attacks Charmeleon for 10.49 damage
2025-04-08 15:34:49 info: Charmander attacks Bulbasaur for 24.05 damage
2025-04-08 15:34:49 info: Charmeleon attacks Ivysaur for 57.54 damage
2025-04-08 15:34:49 info: Winner: Charmander
2025-04-08 15:44:12 info: Team 1 HP: 200
2025-04-08 15:44:12 info: Team 2 HP: 200
2025-04-08 15:44:12 info: Bulbasaur attacks Charmander for 7.51 damage
2025-04-08 15:44:12 info: Ivysaur attacks Charmeleon for 10.49 damage
2025-04-08 15:44:12 info: Charmander attacks Bulbasaur for 24.05 damage
2025-04-08 15:44:12 info: Charmeleon attacks Ivysaur for 57.54 damage
2025-04-08 15:44:12 info: Bulbasaur attacks Charmander for 7.51 damage
2025-04-08 15:44:12 info: Ivysaur attacks Charmeleon for 10.49 damage
2025-04-08 15:44:12 info: Charmander attacks Bulbasaur for 24.05 damage
2025-04-08 15:44:12 info: Charmeleon attacks Ivysaur for 57.54 damage
2025-04-08 15:44:12 info: Bulbasaur attacks Charmander for 7.51 damage
2025-04-08 15:44:12 info: Ivysaur attacks Charmeleon for 10.49 damage
2025-04-08 15:44:12 info: Charmander attacks Bulbasaur for 24.05 damage
2025-04-08 15:44:12 info: Charmeleon attacks Ivysaur for 57.54 damage
2025-04-08 15:44:12 info: Winner: Charmander
2025-04-09 09:56:56 info: Bulbasaur attacks Charmander for 12.02 damage
2025-04-09 09:56:56 info: Ivysaur attacks Charmander for 22.38 damage
2025-04-09 09:56:56 info: Charmander attacks Bulbasaur for 24.05 damage
2025-04-09 09:56:56 info: Charmeleon attacks Bulbasaur for 57.54 damage
2025-04-09 09:56:56 info: Bulbasaur attacks Charmander for 12.02 damage
2025-04-09 09:56:56 info: Ivysaur attacks Charmander for 22.38 damage
2025-04-09 09:56:56 info: Charmander attacks Bulbasaur for 24.05 damage
2025-04-09 09:56:56 info: Charmeleon attacks Ivysaur for 57.54 damage
2025-04-09 09:56:56 info: Ivysaur attacks Charmander for 22.38 damage
2025-04-09 09:56:56 info: Charmander attacks Ivysaur for 24.05 damage
2025-04-09 09:56:56 info: Charmeleon attacks Ivysaur for 57.54 damage
2025-04-09 09:56:56 info: Winner: Team 2
2025-04-09 10:04:00 info: --- Round 1 ---
2025-04-09 10:04:00 info: Bulbasaur attacks Charmander for 12.02 damage
2025-04-09 10:04:00 info: Ivysaur attacks Charmander for 22.38 damage
2025-04-09 10:04:00 info: Charmander attacks Bulbasaur for 24.05 damage
2025-04-09 10:04:00 info: Charmeleon attacks Bulbasaur for 57.54 damage
2025-04-09 10:04:00 info: --- Round 2 ---
2025-04-09 10:04:00 info: Bulbasaur attacks Charmander for 12.02 damage
2025-04-09 10:04:00 info: Ivysaur attacks Charmander for 22.38 damage
2025-04-09 10:04:00 info: Charmander attacks Bulbasaur for 24.05 damage
2025-04-09 10:04:00 info: Charmeleon attacks Ivysaur for 57.54 damage
2025-04-09 10:04:00 info: --- Round 3 ---
2025-04-09 10:04:00 info: Ivysaur attacks Charmander for 22.38 damage
2025-04-09 10:04:00 info: Charmander attacks Ivysaur for 24.05 damage
2025-04-09 10:04:00 info: Charmeleon attacks Ivysaur for 57.54 damage
2025-04-09 10:04:00 info: Winner: Team 2
2025-04-09 10:05:47 info: --- Round 1 ---
2025-04-09 10:05:47 info: Bulbasaur attacks Charmander for 12.02 damage ⚡
2025-04-09 10:05:47 info: Ivysaur attacks Charmander for 22.38 damage ⚡
2025-04-09 10:05:47 info: Charmander attacks Bulbasaur for 24.05 damage
2025-04-09 10:05:47 info: Charmeleon attacks Bulbasaur for 57.54 damage
2025-04-09 10:05:47 info: --- Round 2 ---
2025-04-09 10:05:47 info: Bulbasaur attacks Charmander for 12.02 damage ⚡
2025-04-09 10:05:47 info: Ivysaur attacks Charmander for 22.38 damage ⚡
2025-04-09 10:05:47 info: Charmander attacks Bulbasaur for 24.05 damage
2025-04-09 10:05:47 info: Charmeleon attacks Ivysaur for 57.54 damage
2025-04-09 10:05:47 info: --- Round 3 ---
2025-04-09 10:05:47 info: Ivysaur attacks Charmander for 22.38 damage ⚡
2025-04-09 10:05:47 info: Charmander attacks Ivysaur for 24.05 damage
2025-04-09 10:05:47 info: Charmeleon attacks Ivysaur for 57.54 damage
2025-04-09 10:05:47 info: Winner: Team 2
2025-04-09 10:09:41 info: --- Round 1 ---
2025-04-09 10:09:41 info: Bulbasaur attacks Charmander for 12.02 damage ⚡
2025-04-09 10:09:41 info: Ivysaur attacks Charmander for 22.38 damage ⚡
2025-04-09 10:09:41 info: Charmander attacks Bulbasaur for 24.05 damage
2025-04-09 10:09:41 info: Charmeleon attacks Bulbasaur for 57.54 damage
2025-04-09 10:09:41 info: --- Round 2 ---
2025-04-09 10:09:41 info: Bulbasaur attacks Charmander for 12.02 damage ⚡
2025-04-09 10:09:41 info: Ivysaur attacks Charmander for 22.38 damage ⚡
2025-04-09 10:09:41 info: Charmander attacks Bulbasaur for 24.05 damage
2025-04-09 10:09:41 info: Charmeleon attacks Ivysaur for 57.54 damage
2025-04-09 10:09:41 info: --- Round 3 ---
2025-04-09 10:09:41 info: Ivysaur attacks Charmander for 22.38 damage ⚡
2025-04-09 10:09:41 info: Charmander attacks Ivysaur for 24.05 damage
2025-04-09 10:09:41 info: Charmeleon attacks Ivysaur for 57.54 damage
2025-04-09 10:09:41 info: Winner: Team 2
2025-04-09 10:15:50 info: --- Round 1 ---
2025-04-09 10:15:50 info: --- Team 1 attacks Team 2 ---
2025-04-09 10:15:50 info: Bulbasaur attacks Charmander for 12.02 damage ⚡
2025-04-09 10:15:50 info: Ivysaur attacks Charmander for 22.38 damage ⚡
2025-04-09 10:15:50 info: --- Team 2 attacks Team 1 ---
2025-04-09 10:15:50 info: Charmander attacks Bulbasaur for 24.05 damage
2025-04-09 10:15:50 info: Charmeleon attacks Bulbasaur for 57.54 damage
2025-04-09 10:15:50 info: --- Round 2 ---
2025-04-09 10:15:50 info: --- Team 1 attacks Team 2 ---
2025-04-09 10:15:50 info: Bulbasaur attacks Charmander for 12.02 damage ⚡
2025-04-09 10:15:50 info: Ivysaur attacks Charmander for 22.38 damage ⚡
2025-04-09 10:15:50 info: --- Team 2 attacks Team 1 ---
2025-04-09 10:15:50 info: Charmander attacks Bulbasaur for 24.05 damage
2025-04-09 10:15:50 info: Charmeleon attacks Ivysaur for 57.54 damage
2025-04-09 10:15:50 info: --- Round 3 ---
2025-04-09 10:15:50 info: --- Team 1 attacks Team 2 ---
2025-04-09 10:15:50 info: Ivysaur attacks Charmander for 22.38 damage ⚡
2025-04-09 10:15:50 info: --- Team 2 attacks Team 1 ---
2025-04-09 10:15:50 info: Charmander attacks Ivysaur for 24.05 damage
2025-04-09 10:15:50 info: Charmeleon attacks Ivysaur for 57.54 damage
2025-04-09 10:15:50 info: Winner: Team 2
2025-04-09 10:27:50 info: --- Round 1 ---
2025-04-09 10:27:50 info: --- Team 1 attacks Team 2 ---
2025-04-09 10:27:50 info: --- Type effectiveness [object Object] ---
2025-04-09 10:27:50 info: Bulbasaur attacks Charmander for 12.02 damage ⚡
2025-04-09 10:27:50 info: --- Type effectiveness [object Object] ---
2025-04-09 10:27:50 info: Ivysaur attacks Charmander for 22.38 damage ⚡
2025-04-09 10:27:50 info: --- Team 2 attacks Team 1 ---
2025-04-09 10:27:50 info: --- Type effectiveness [object Object] ---
2025-04-09 10:27:50 info: Charmander attacks Bulbasaur for 24.05 damage ⚡
2025-04-09 10:27:50 info: --- Type effectiveness [object Object] ---
2025-04-09 10:27:50 info: Charmeleon attacks Bulbasaur for 57.54 damage ⚡
2025-04-09 10:27:50 info: --- Round 2 ---
2025-04-09 10:27:50 info: --- Team 1 attacks Team 2 ---
2025-04-09 10:27:50 info: --- Type effectiveness [object Object] ---
2025-04-09 10:27:50 info: Bulbasaur attacks Charmander for 12.02 damage ⚡
2025-04-09 10:27:50 info: --- Type effectiveness [object Object] ---
2025-04-09 10:27:50 info: Ivysaur attacks Charmander for 22.38 damage ⚡
2025-04-09 10:27:50 info: --- Team 2 attacks Team 1 ---
2025-04-09 10:27:50 info: --- Type effectiveness [object Object] ---
2025-04-09 10:27:50 info: Charmander attacks Bulbasaur for 24.05 damage ⚡
2025-04-09 10:27:50 info: --- Type effectiveness [object Object] ---
2025-04-09 10:27:50 info: Charmeleon attacks Ivysaur for 57.54 damage ⚡
2025-04-09 10:27:50 info: --- Round 3 ---
2025-04-09 10:27:50 info: --- Team 1 attacks Team 2 ---
2025-04-09 10:27:50 info: --- Type effectiveness [object Object] ---
2025-04-09 10:27:50 info: Ivysaur attacks Charmander for 22.38 damage ⚡
2025-04-09 10:27:50 info: --- Team 2 attacks Team 1 ---
2025-04-09 10:27:50 info: --- Type effectiveness [object Object] ---
2025-04-09 10:27:50 info: Charmander attacks Ivysaur for 24.05 damage ⚡
2025-04-09 10:27:50 info: --- Type effectiveness [object Object] ---
2025-04-09 10:27:50 info: Charmeleon attacks Ivysaur for 57.54 damage ⚡
2025-04-09 10:27:50 info: Winner: Team 2
2025-04-09 10:28:24 info: --- Round 1 ---
2025-04-09 10:28:24 info: --- Team 1 attacks Team 2 ---
2025-04-09 10:28:24 info: --- Type multiplier 1 ---
2025-04-09 10:28:24 info: Bulbasaur attacks Charmander for 12.02 damage ⚡
2025-04-09 10:28:24 info: --- Type multiplier 1 ---
2025-04-09 10:28:24 info: Ivysaur attacks Charmander for 22.38 damage ⚡
2025-04-09 10:28:24 info: --- Team 2 attacks Team 1 ---
2025-04-09 10:28:24 info: --- Type multiplier 1.6 ---
2025-04-09 10:28:24 info: Charmander attacks Bulbasaur for 24.05 damage ⚡
2025-04-09 10:28:24 info: --- Type multiplier 1.6 ---
2025-04-09 10:28:24 info: Charmeleon attacks Bulbasaur for 57.54 damage ⚡
2025-04-09 10:28:24 info: --- Round 2 ---
2025-04-09 10:28:24 info: --- Team 1 attacks Team 2 ---
2025-04-09 10:28:24 info: --- Type multiplier 1 ---
2025-04-09 10:28:24 info: Bulbasaur attacks Charmander for 12.02 damage ⚡
2025-04-09 10:28:24 info: --- Type multiplier 1 ---
2025-04-09 10:28:24 info: Ivysaur attacks Charmander for 22.38 damage ⚡
2025-04-09 10:28:24 info: --- Team 2 attacks Team 1 ---
2025-04-09 10:28:24 info: --- Type multiplier 1.6 ---
2025-04-09 10:28:24 info: Charmander attacks Bulbasaur for 24.05 damage ⚡
2025-04-09 10:28:24 info: --- Type multiplier 1.6 ---
2025-04-09 10:28:24 info: Charmeleon attacks Ivysaur for 57.54 damage ⚡
2025-04-09 10:28:24 info: --- Round 3 ---
2025-04-09 10:28:24 info: --- Team 1 attacks Team 2 ---
2025-04-09 10:28:24 info: --- Type multiplier 1 ---
2025-04-09 10:28:24 info: Ivysaur attacks Charmander for 22.38 damage ⚡
2025-04-09 10:28:24 info: --- Team 2 attacks Team 1 ---
2025-04-09 10:28:24 info: --- Type multiplier 1.6 ---
2025-04-09 10:28:24 info: Charmander attacks Ivysaur for 24.05 damage ⚡
2025-04-09 10:28:24 info: --- Type multiplier 1.6 ---
2025-04-09 10:28:24 info: Charmeleon attacks Ivysaur for 57.54 damage ⚡
2025-04-09 10:28:24 info: Winner: Team 2
2025-04-09 10:40:45 info: --- Round 1 ---
2025-04-09 10:40:45 info: --- Team 1 attacks Team 2 ---
2025-04-09 10:40:45 info: Bulbasaur attacks Squirtle for 19.24 damage ⚡
2025-04-09 10:40:45 info: Ivysaur attacks Squirtle for 35.81 damage ⚡
2025-04-09 10:40:45 info: --- Team 2 attacks Team 1 ---
2025-04-09 10:40:45 info: Squirtle attacks Bulbasaur for 19.97 damage ⚡
2025-04-09 10:40:45 info: Wartortle attacks Bulbasaur for 32.89 damage ⚡
2025-04-09 10:40:45 info: --- Round 2 ---
2025-04-09 10:40:45 info: --- Team 1 attacks Team 2 ---
2025-04-09 10:40:45 info: Bulbasaur attacks Squirtle for 19.24 damage ⚡
2025-04-09 10:40:45 info: Ivysaur attacks Squirtle for 35.81 damage ⚡
2025-04-09 10:40:45 info: --- Team 2 attacks Team 1 ---
2025-04-09 10:40:45 info: Wartortle attacks Bulbasaur for 32.89 damage ⚡
2025-04-09 10:40:45 info: --- Round 3 ---
2025-04-09 10:40:45 info: --- Team 1 attacks Team 2 ---
2025-04-09 10:40:45 info: Bulbasaur attacks Wartortle for 19.24 damage ⚡
2025-04-09 10:40:45 info: Ivysaur attacks Wartortle for 35.81 damage ⚡
2025-04-09 10:40:45 info: --- Team 2 attacks Team 1 ---
2025-04-09 10:40:45 info: Wartortle attacks Bulbasaur for 32.89 damage ⚡
2025-04-09 10:40:45 info: --- Round 4 ---
2025-04-09 10:40:45 info: --- Team 1 attacks Team 2 ---
2025-04-09 10:40:45 info: Ivysaur attacks Wartortle for 35.81 damage ⚡
2025-04-09 10:40:45 info: --- Team 2 attacks Team 1 ---
2025-04-09 10:40:45 info: Wartortle attacks Ivysaur for 32.89 damage ⚡
2025-04-09 10:40:45 info: --- Round 5 ---
2025-04-09 10:40:45 info: --- Team 1 attacks Team 2 ---
2025-04-09 10:40:45 info: Ivysaur attacks Wartortle for 35.81 damage ⚡
2025-04-09 10:40:45 info: --- Team 2 attacks Team 1 ---
2025-04-09 10:40:45 info: Winner: Team 1
2025-04-09 10:41:43 info: --- Round 1 ---
2025-04-09 10:41:43 info: --- Team 1 attacks Team 2 ---
2025-04-09 10:41:43 info: Bulbasaur attacks Squirtle for 19.24 damage ⚡
2025-04-09 10:41:43 info: Ivysaur attacks Squirtle for 35.81 damage ⚡
2025-04-09 10:41:43 info: --- Team 2 attacks Team 1 ---
2025-04-09 10:41:43 info: Squirtle attacks Bulbasaur for 19.97 damage ⚡
2025-04-09 10:41:43 info: Wartortle attacks Bulbasaur for 32.89 damage ⚡
2025-04-09 10:41:43 info: --- Round 2 ---
2025-04-09 10:41:43 info: --- Team 1 attacks Team 2 ---
2025-04-09 10:41:43 info: Bulbasaur attacks Squirtle for 19.24 damage ⚡
2025-04-09 10:41:43 info: Ivysaur attacks Squirtle for 35.81 damage ⚡
2025-04-09 10:41:43 info: --- Team 2 attacks Team 1 ---
2025-04-09 10:41:43 info: Wartortle attacks Bulbasaur for 32.89 damage ⚡
2025-04-09 10:41:43 info: --- Round 3 ---
2025-04-09 10:41:43 info: --- Team 1 attacks Team 2 ---
2025-04-09 10:41:43 info: Bulbasaur attacks Wartortle for 19.24 damage ⚡
2025-04-09 10:41:43 info: Ivysaur attacks Wartortle for 35.81 damage ⚡
2025-04-09 10:41:43 info: --- Team 2 attacks Team 1 ---
2025-04-09 10:41:43 info: Wartortle attacks Bulbasaur for 32.89 damage ⚡
2025-04-09 10:41:43 info: --- Round 4 ---
2025-04-09 10:41:43 info: --- Team 1 attacks Team 2 ---
2025-04-09 10:41:43 info: Ivysaur attacks Wartortle for 35.81 damage ⚡
2025-04-09 10:41:43 info: --- Team 2 attacks Team 1 ---
2025-04-09 10:41:43 info: Wartortle attacks Ivysaur for 32.89 damage ⚡
2025-04-09 10:41:43 info: --- Round 5 ---
2025-04-09 10:41:43 info: --- Team 1 attacks Team 2 ---
2025-04-09 10:41:43 info: Ivysaur attacks Wartortle for 35.81 damage ⚡
2025-04-09 10:41:43 info: --- Team 2 attacks Team 1 ---
2025-04-09 10:41:43 info: Winner: Team 1 ✨
2025-04-09 10:42:34 info: --- Round 1 ⏰ ---
2025-04-09 10:42:34 info: --- Team 1 attacks Team 2 ---
2025-04-09 10:42:34 info: Bulbasaur attacks Squirtle for 19.24 damage ⚡
2025-04-09 10:42:34 info: Ivysaur attacks Squirtle for 35.81 damage ⚡
2025-04-09 10:42:34 info: --- Team 2 attacks Team 1 ---
2025-04-09 10:42:34 info: Squirtle attacks Bulbasaur for 19.97 damage ⚡
2025-04-09 10:42:34 info: Wartortle attacks Bulbasaur for 32.89 damage ⚡
2025-04-09 10:42:34 info: --- Round 2 ⏰ ---
2025-04-09 10:42:34 info: --- Team 1 attacks Team 2 ---
2025-04-09 10:42:34 info: Bulbasaur attacks Squirtle for 19.24 damage ⚡
2025-04-09 10:42:34 info: Ivysaur attacks Squirtle for 35.81 damage ⚡
2025-04-09 10:42:34 info: --- Team 2 attacks Team 1 ---
2025-04-09 10:42:34 info: Wartortle attacks Bulbasaur for 32.89 damage ⚡
2025-04-09 10:42:34 info: --- Round 3 ⏰ ---
2025-04-09 10:42:34 info: --- Team 1 attacks Team 2 ---
2025-04-09 10:42:34 info: Bulbasaur attacks Wartortle for 19.24 damage ⚡
2025-04-09 10:42:34 info: Ivysaur attacks Wartortle for 35.81 damage ⚡
2025-04-09 10:42:34 info: --- Team 2 attacks Team 1 ---
2025-04-09 10:42:34 info: Wartortle attacks Bulbasaur for 32.89 damage ⚡
2025-04-09 10:42:34 info: --- Round 4 ⏰ ---
2025-04-09 10:42:34 info: --- Team 1 attacks Team 2 ---
2025-04-09 10:42:34 info: Ivysaur attacks Wartortle for 35.81 damage ⚡
2025-04-09 10:42:34 info: --- Team 2 attacks Team 1 ---
2025-04-09 10:42:34 info: Wartortle attacks Ivysaur for 32.89 damage ⚡
2025-04-09 10:42:34 info: --- Round 5 ⏰ ---
2025-04-09 10:42:34 info: --- Team 1 attacks Team 2 ---
2025-04-09 10:42:34 info: Ivysaur attacks Wartortle for 35.81 damage ⚡
2025-04-09 10:42:34 info: --- Team 2 attacks Team 1 ---
2025-04-09 10:42:34 info: Winner: Team 1 ✨
2025-04-09 10:44:16 info: --- Round 1 ⏰ ---
2025-04-09 10:44:16 info: --- Team 1 attacks Team 2 ---
2025-04-09 10:44:16 info: Bulbasaur attacks Squirtle for 19.24 damage ⚡
2025-04-09 10:44:16 info: --- Team 1 attacks Team 2 ---
2025-04-09 10:44:16 info: Ivysaur attacks Squirtle for 35.81 damage ⚡
2025-04-09 10:44:16 info: --- Team 2 attacks Team 1 ---
2025-04-09 10:44:16 info: Squirtle attacks Bulbasaur for 19.97 damage ⚡
2025-04-09 10:44:16 info: --- Team 2 attacks Team 1 ---
2025-04-09 10:44:16 info: Wartortle attacks Bulbasaur for 32.89 damage ⚡
2025-04-09 10:44:16 info: --- Round 2 ⏰ ---
2025-04-09 10:44:16 info: --- Team 1 attacks Team 2 ---
2025-04-09 10:44:16 info: Bulbasaur attacks Squirtle for 19.24 damage ⚡
2025-04-09 10:44:16 info: --- Team 1 attacks Team 2 ---
2025-04-09 10:44:16 info: Ivysaur attacks Squirtle for 35.81 damage ⚡
2025-04-09 10:44:16 info: --- Team 2 attacks Team 1 ---
2025-04-09 10:44:16 info: --- Team 2 attacks Team 1 ---
2025-04-09 10:44:16 info: Wartortle attacks Bulbasaur for 32.89 damage ⚡
2025-04-09 10:44:16 info: --- Round 3 ⏰ ---
2025-04-09 10:44:16 info: --- Team 1 attacks Team 2 ---
2025-04-09 10:44:16 info: Bulbasaur attacks Wartortle for 19.24 damage ⚡
2025-04-09 10:44:16 info: --- Team 1 attacks Team 2 ---
2025-04-09 10:44:16 info: Ivysaur attacks Wartortle for 35.81 damage ⚡
2025-04-09 10:44:16 info: --- Team 2 attacks Team 1 ---
2025-04-09 10:44:16 info: --- Team 2 attacks Team 1 ---
2025-04-09 10:44:16 info: Wartortle attacks Bulbasaur for 32.89 damage ⚡
2025-04-09 10:44:16 info: --- Round 4 ⏰ ---
2025-04-09 10:44:16 info: --- Team 1 attacks Team 2 ---
2025-04-09 10:44:16 info: --- Team 1 attacks Team 2 ---
2025-04-09 10:44:16 info: Ivysaur attacks Wartortle for 35.81 damage ⚡
2025-04-09 10:44:16 info: --- Team 2 attacks Team 1 ---
2025-04-09 10:44:16 info: --- Team 2 attacks Team 1 ---
2025-04-09 10:44:16 info: Wartortle attacks Ivysaur for 32.89 damage ⚡
2025-04-09 10:44:16 info: --- Round 5 ⏰ ---
2025-04-09 10:44:16 info: --- Team 1 attacks Team 2 ---
2025-04-09 10:44:16 info: --- Team 1 attacks Team 2 ---
2025-04-09 10:44:16 info: Ivysaur attacks Wartortle for 35.81 damage ⚡
2025-04-09 10:44:16 info: --- Team 2 attacks Team 1 ---
2025-04-09 10:44:16 info: --- Team 2 attacks Team 1 ---
2025-04-09 10:44:16 info: Winner: Team 1 ✨
2025-04-09 10:45:07 info: --- Round 1 ⏰ ---
2025-04-09 10:45:07 info: --- Team 1 attacks Team 2 ---
2025-04-09 10:45:07 info: Bulbasaur attacks Squirtle for 19.24 damage ⚡
2025-04-09 10:45:07 info: Ivysaur attacks Squirtle for 35.81 damage ⚡
2025-04-09 10:45:07 info: Venusaur attacks Squirtle for 163.22 damage ⚡
2025-04-09 10:45:07 info: --- Team 2 attacks Team 1 ---
2025-04-09 10:45:07 info: Wartortle attacks Bulbasaur for 32.89 damage ⚡
2025-04-09 10:45:07 info: --- Round 2 ⏰ ---
2025-04-09 10:45:07 info: --- Team 1 attacks Team 2 ---
2025-04-09 10:45:07 info: Bulbasaur attacks Wartortle for 19.24 damage ⚡
2025-04-09 10:45:07 info: Ivysaur attacks Wartortle for 35.81 damage ⚡
2025-04-09 10:45:07 info: Venusaur attacks Wartortle for 163.22 damage ⚡
2025-04-09 10:45:07 info: --- Team 2 attacks Team 1 ---
2025-04-09 10:45:07 info: Winner: Team 1 ✨
2025-04-09 10:46:26 info: --- Round 1 ⏰ ---
2025-04-09 10:46:26 info: --- Team 1 attacks Team 2 ---
2025-04-09 10:46:26 info: Bulbasaur attacks Squirtle for 19.24 damage ⚡
2025-04-09 10:46:26 info: Ivysaur attacks Squirtle for 35.81 damage ⚡
2025-04-09 10:46:26 info: Venusaur attacks Squirtle for 163.22 damage ⚡
2025-04-09 10:46:26 info: --- Team 2 attacks Team 1 ---
2025-04-09 10:46:26 info: Wartortle attacks Bulbasaur for 32.89 damage ⚡
2025-04-09 10:46:26 info: --- Round 2 ⏰ ---
2025-04-09 10:46:26 info: --- Team 1 attacks Team 2 ---
2025-04-09 10:46:26 info: Bulbasaur attacks Wartortle for 19.24 damage ⚡
2025-04-09 10:46:26 info: Ivysaur attacks Wartortle for 35.81 damage ⚡
2025-04-09 10:46:26 info: Venusaur attacks Wartortle for 163.22 damage ⚡
2025-04-09 10:46:26 info: --- Team 2 attacks Team 1 ---
2025-04-09 10:46:26 info: Winner: Team 1 ✨
2025-04-09 10:46:42 info: --- Round 1 ⏰ ---
2025-04-09 10:46:42 info: --- Team 1 attacks Team 2 ---
2025-04-09 10:46:42 info: Bulbasaur attacks Squirtle for 19.24 damage ⚡
2025-04-09 10:46:42 info: Ivysaur attacks Squirtle for 35.81 damage ⚡
2025-04-09 10:46:42 info: Venusaur attacks Squirtle for 163.22 damage ⚡
2025-04-09 10:46:42 info: --- Team 2 attacks Team 1 ---
2025-04-09 10:46:42 info: Wartortle attacks Bulbasaur for 32.89 damage ⚡
2025-04-09 10:46:42 info: --- Round 2 ⏰ ---
2025-04-09 10:46:42 info: --- Team 1 attacks Team 2 ---
2025-04-09 10:46:42 info: Bulbasaur attacks Wartortle for 19.24 damage ⚡
2025-04-09 10:46:42 info: Ivysaur attacks Wartortle for 35.81 damage ⚡
2025-04-09 10:46:42 info: Venusaur attacks Wartortle for 163.22 damage ⚡
2025-04-09 10:46:42 info: --- Team 2 attacks Team 1 ---
2025-04-09 10:46:42 info: Winner: Team 1 ✨
2025-04-09 10:49:00 info: --- Round 1 ⏰ ---
2025-04-09 10:49:00 info: --- Team 1 attacks Team 2 ---
2025-04-09 10:49:00 info: Bulbasaur attacks Squirtle for 19.24 damage ⚡
2025-04-09 10:49:00 info: Ivysaur attacks Squirtle for 35.81 damage ⚡
2025-04-09 10:49:00 info: Venusaur attacks Squirtle for 163.22 damage ⚡
2025-04-09 10:49:00 info: --- Team 2 attacks Team 1 ---
2025-04-09 10:49:00 info: Wartortle attacks Bulbasaur for 32.89 damage ⚡
2025-04-09 10:49:00 info: --- Round 2 ⏰ ---
2025-04-09 10:49:00 info: --- Team 1 attacks Team 2 ---
2025-04-09 10:49:00 info: Bulbasaur attacks Wartortle for 19.24 damage ⚡
2025-04-09 10:49:00 info: Ivysaur attacks Wartortle for 35.81 damage ⚡
2025-04-09 10:49:00 info: Venusaur attacks Wartortle for 163.22 damage ⚡
2025-04-09 10:49:00 info: Winner: Team 1 ✨
2025-04-09 10:50:49 info: --- Round 1 ⏰ ---
2025-04-09 10:50:49 info: --- Team 1 attacks Team 2 ---
2025-04-09 10:50:49 info: Bulbasaur attacks Squirtle for 19.24 damage ⚡
2025-04-09 10:50:49 info: Ivysaur attacks Squirtle for 35.81 damage ⚡
2025-04-09 10:50:49 info: Venusaur attacks Squirtle for 163.22 damage ⚡
2025-04-09 10:50:49 info: --- Team 2 attacks Team 1 ---
2025-04-09 10:50:49 info: Wartortle attacks Bulbasaur for 32.89 damage ⚡
2025-04-09 10:50:49 info: Blastoise attacks Bulbasaur for 87.10 damage ⚡
2025-04-09 10:50:49 info: --- Round 2 ⏰ ---
2025-04-09 10:50:49 info: --- Team 1 attacks Team 2 ---
2025-04-09 10:50:49 info: Ivysaur attacks Wartortle for 35.81 damage ⚡
2025-04-09 10:50:49 info: Venusaur attacks Wartortle for 163.22 damage ⚡
2025-04-09 10:50:49 info: --- Team 2 attacks Team 1 ---
2025-04-09 10:50:49 info: Blastoise attacks Ivysaur for 87.10 damage ⚡
2025-04-09 10:50:49 info: --- Round 3 ⏰ ---
2025-04-09 10:50:49 info: --- Team 1 attacks Team 2 ---
2025-04-09 10:50:49 info: Ivysaur attacks Blastoise for 35.81 damage ⚡
2025-04-09 10:50:49 info: Venusaur attacks Blastoise for 163.22 damage ⚡
2025-04-09 10:50:49 info: Winner: Team 1 ✨
2025-04-09 10:51:49 info: --- Round 1 ⏰ ---
2025-04-09 10:51:49 info: --- Team 1 attacks Team 2 ---
2025-04-09 10:51:49 info: Squirtle attacks Bulbasaur for 19.97 damage ⚡
2025-04-09 10:51:49 info: Wartortle attacks Bulbasaur for 32.89 damage ⚡
2025-04-09 10:51:49 info: Blastoise attacks Bulbasaur for 87.10 damage ⚡
2025-04-09 10:51:49 info: --- Team 2 attacks Team 1 ---
2025-04-09 10:51:49 info: Ivysaur attacks Squirtle for 35.81 damage ⚡
2025-04-09 10:51:49 info: Venusaur attacks Squirtle for 163.22 damage ⚡
2025-04-09 10:51:49 info: --- Round 2 ⏰ ---
2025-04-09 10:51:49 info: --- Team 1 attacks Team 2 ---
2025-04-09 10:51:49 info: Wartortle attacks Ivysaur for 32.89 damage ⚡
2025-04-09 10:51:49 info: Blastoise attacks Ivysaur for 87.10 damage ⚡
2025-04-09 10:51:49 info: --- Team 2 attacks Team 1 ---
2025-04-09 10:51:49 info: Venusaur attacks Wartortle for 163.22 damage ⚡
2025-04-09 10:51:49 info: --- Round 3 ⏰ ---
2025-04-09 10:51:49 info: --- Team 1 attacks Team 2 ---
2025-04-09 10:51:49 info: Blastoise attacks Venusaur for 87.10 damage ⚡
2025-04-09 10:51:49 info: --- Team 2 attacks Team 1 ---
2025-04-09 10:51:49 info: Venusaur attacks Blastoise for 163.22 damage ⚡
2025-04-09 10:51:49 info: Winner: Team 2 ✨
2025-04-09 13:47:30 info: Server is running on port 3000
2025-04-09 13:47:33 info: Server is running on port 3000
2025-04-09 13:48:12 info: Server is running on port 3000
2025-04-09 13:50:35 info: Server is running on port 3000
2025-04-09 13:51:48 info: Server is running on port 3000
2025-04-09 13:52:36 info: Server is running on port 3000
